<?xml version="1.0" encoding="UTF-8"?>
<coverage generated="1766855702798" clover="3.2.0">
  <project timestamp="1766855702798" name="All files">
    <metrics statements="76" coveredstatements="58" conditionals="32" coveredconditionals="10" methods="25" coveredmethods="16" elements="133" coveredelements="84" complexity="0" loc="76" ncloc="76" packages="3" files="3" classes="3"/>
    <package name="border-mobile-app">
      <metrics statements="25" coveredstatements="13" conditionals="20" coveredconditionals="2" methods="9" coveredmethods="4"/>
      <file name="App.js" path="/Users/akurc/Documents/repositories/border-mobile-app/App.js">
        <metrics statements="25" coveredstatements="13" conditionals="20" coveredconditionals="2" methods="9" coveredmethods="4"/>
        <line num="25" count="1" type="stmt"/>
        <line num="27" count="1" type="stmt"/>
        <line num="28" count="0" type="stmt"/>
        <line num="41" count="3" type="stmt"/>
        <line num="42" count="3" type="stmt"/>
        <line num="43" count="3" type="stmt"/>
        <line num="45" count="3" type="stmt"/>
        <line num="51" count="3" type="stmt"/>
        <line num="53" count="1" type="cond" truecount="1" falsecount="1"/>
        <line num="54" count="1" type="stmt"/>
        <line num="56" count="0" type="stmt"/>
        <line num="57" count="0" type="stmt"/>
        <line num="60" count="1" type="stmt"/>
        <line num="63" count="3" type="cond" truecount="1" falsecount="1"/>
        <line num="64" count="3" type="stmt"/>
        <line num="67" count="0" type="stmt"/>
        <line num="68" count="0" type="stmt"/>
        <line num="76" count="0" type="stmt"/>
        <line num="77" count="0" type="cond" truecount="0" falsecount="2"/>
        <line num="78" count="0" type="stmt"/>
        <line num="81" count="0" type="stmt"/>
        <line num="118" count="0" type="stmt"/>
        <line num="132" count="0" type="stmt"/>
        <line num="137" count="0" type="stmt"/>
        <line num="145" count="1" type="stmt"/>
      </file>
    </package>
    <package name="border-mobile-app.components">
      <metrics statements="11" coveredstatements="7" conditionals="0" coveredconditionals="0" methods="8" coveredmethods="4"/>
      <file name="ContactView.js" path="/Users/akurc/Documents/repositories/border-mobile-app/components/ContactView.js">
        <metrics statements="11" coveredstatements="7" conditionals="0" coveredconditionals="0" methods="8" coveredmethods="4"/>
        <line num="11" count="2" type="stmt"/>
        <line num="12" count="3" type="stmt"/>
        <line num="13" count="2" type="stmt"/>
        <line num="14" count="0" type="stmt"/>
        <line num="18" count="3" type="stmt"/>
        <line num="25" count="1" type="stmt"/>
        <line num="39" count="1" type="stmt"/>
        <line num="53" count="0" type="stmt"/>
        <line num="71" count="0" type="stmt"/>
        <line num="84" count="0" type="stmt"/>
        <line num="98" count="2" type="stmt"/>
      </file>
    </package>
    <package name="border-mobile-app.hooks">
      <metrics statements="40" coveredstatements="38" conditionals="12" coveredconditionals="8" methods="8" coveredmethods="8"/>
      <file name="useRadio.js" path="/Users/akurc/Documents/repositories/border-mobile-app/hooks/useRadio.js">
        <metrics statements="40" coveredstatements="38" conditionals="12" coveredconditionals="8" methods="8" coveredmethods="8"/>
        <line num="10" count="2" type="stmt"/>
        <line num="12" count="2" type="stmt"/>
        <line num="13" count="14" type="stmt"/>
        <line num="14" count="14" type="stmt"/>
        <line num="15" count="14" type="stmt"/>
        <line num="17" count="14" type="stmt"/>
        <line num="19" count="6" type="cond" truecount="2" falsecount="0"/>
        <line num="23" count="2" type="stmt"/>
        <line num="25" count="4" type="stmt"/>
        <line num="29" count="14" type="stmt"/>
        <line num="30" count="5" type="stmt"/>
        <line num="31" count="5" type="stmt"/>
        <line num="32" count="5" type="stmt"/>
        <line num="45" count="4" type="stmt"/>
        <line num="54" count="4" type="stmt"/>
        <line num="56" count="1" type="stmt"/>
        <line num="58" count="1" type="stmt"/>
        <line num="62" count="14" type="stmt"/>
        <line num="63" count="5" type="stmt"/>
        <line num="66" count="14" type="stmt"/>
        <line num="67" count="1" type="stmt"/>
        <line num="68" count="1" type="cond" truecount="1" falsecount="1"/>
        <line num="70" count="0" type="stmt"/>
        <line num="79" count="1" type="stmt"/>
        <line num="80" count="1" type="cond" truecount="1" falsecount="1"/>
        <line num="81" count="1" type="stmt"/>
        <line num="83" count="0" type="stmt"/>
        <line num="88" count="14" type="stmt"/>
        <line num="89" count="14" type="stmt"/>
        <line num="91" count="14" type="stmt"/>
        <line num="92" count="5" type="stmt"/>
        <line num="96" count="5" type="stmt"/>
        <line num="97" count="1" type="stmt"/>
        <line num="98" count="1" type="cond" truecount="1" falsecount="1"/>
        <line num="99" count="1" type="stmt"/>
        <line num="101" count="1" type="cond" truecount="1" falsecount="1"/>
        <line num="102" count="1" type="stmt"/>
        <line num="106" count="5" type="stmt"/>
        <line num="107" count="4" type="stmt"/>
        <line num="111" count="14" type="stmt"/>
      </file>
    </package>
  </project>
</coverage>
