{"/Users/akurc/Documents/repositories/border-mobile-app/App.js": {"path":"/Users/akurc/Documents/repositories/border-mobile-app/App.js","statementMap":{"0":{"start":{"line":25,"column":0},"end":{"line":25,"column":40}},"1":{"start":{"line":27,"column":18},"end":{"line":38,"column":1}},"2":{"start":{"line":28,"column":2},"end":{"line":37,"column":21}},"3":{"start":{"line":41,"column":36},"end":{"line":41,"column":53}},"4":{"start":{"line":42,"column":87},"end":{"line":42,"column":97}},"5":{"start":{"line":43,"column":38},"end":{"line":43,"column":53}},"6":{"start":{"line":45,"column":22},"end":{"line":49,"column":4}},"7":{"start":{"line":51,"column":2},"end":{"line":61,"column":20}},"8":{"start":{"line":53,"column":6},"end":{"line":58,"column":7}},"9":{"start":{"line":54,"column":8},"end":{"line":54,"column":66}},"10":{"start":{"line":54,"column":39},"end":{"line":54,"column":64}},"11":{"start":{"line":56,"column":8},"end":{"line":56,"column":28}},"12":{"start":{"line":57,"column":8},"end":{"line":57,"column":43}},"13":{"start":{"line":60,"column":4},"end":{"line":60,"column":14}},"14":{"start":{"line":63,"column":2},"end":{"line":65,"column":3}},"15":{"start":{"line":64,"column":4},"end":{"line":64,"column":28}},"16":{"start":{"line":67,"column":26},"end":{"line":74,"column":3}},"17":{"start":{"line":68,"column":4},"end":{"line":73,"column":6}},"18":{"start":{"line":76,"column":24},"end":{"line":116,"column":3}},"19":{"start":{"line":77,"column":4},"end":{"line":79,"column":5}},"20":{"start":{"line":78,"column":6},"end":{"line":78,"column":29}},"21":{"start":{"line":81,"column":4},"end":{"line":115,"column":6}},"22":{"start":{"line":118,"column":2},"end":{"line":142,"column":4}},"23":{"start":{"line":132,"column":27},"end":{"line":132,"column":48}},"24":{"start":{"line":137,"column":27},"end":{"line":137,"column":50}},"25":{"start":{"line":145,"column":15},"end":{"line":231,"column":2}}},"fnMap":{"0":{"name":"(anonymous_0)","decl":{"start":{"line":27,"column":18},"end":{"line":27,"column":19}},"loc":{"start":{"line":28,"column":2},"end":{"line":37,"column":21}},"line":28},"1":{"name":"App","decl":{"start":{"line":40,"column":24},"end":{"line":40,"column":27}},"loc":{"start":{"line":40,"column":30},"end":{"line":143,"column":1}},"line":40},"2":{"name":"(anonymous_2)","decl":{"start":{"line":51,"column":12},"end":{"line":51,"column":13}},"loc":{"start":{"line":51,"column":18},"end":{"line":61,"column":3}},"line":51},"3":{"name":"prepare","decl":{"start":{"line":52,"column":19},"end":{"line":52,"column":26}},"loc":{"start":{"line":52,"column":29},"end":{"line":59,"column":5}},"line":52},"4":{"name":"(anonymous_4)","decl":{"start":{"line":54,"column":26},"end":{"line":54,"column":27}},"loc":{"start":{"line":54,"column":39},"end":{"line":54,"column":64}},"line":54},"5":{"name":"(anonymous_5)","decl":{"start":{"line":67,"column":26},"end":{"line":67,"column":27}},"loc":{"start":{"line":67,"column":32},"end":{"line":74,"column":3}},"line":67},"6":{"name":"(anonymous_6)","decl":{"start":{"line":76,"column":24},"end":{"line":76,"column":25}},"loc":{"start":{"line":76,"column":30},"end":{"line":116,"column":3}},"line":76},"7":{"name":"(anonymous_7)","decl":{"start":{"line":132,"column":21},"end":{"line":132,"column":22}},"loc":{"start":{"line":132,"column":27},"end":{"line":132,"column":48}},"line":132},"8":{"name":"(anonymous_8)","decl":{"start":{"line":137,"column":21},"end":{"line":137,"column":22}},"loc":{"start":{"line":137,"column":27},"end":{"line":137,"column":50}},"line":137}},"branchMap":{"0":{"loc":{"start":{"line":29,"column":30},"end":{"line":29,"column":64}},"type":"binary-expr","locations":[{"start":{"line":29,"column":30},"end":{"line":29,"column":38}},{"start":{"line":29,"column":42},"end":{"line":29,"column":64}}],"line":29},"1":{"loc":{"start":{"line":33,"column":36},"end":{"line":33,"column":74}},"type":"binary-expr","locations":[{"start":{"line":33,"column":36},"end":{"line":33,"column":44}},{"start":{"line":33,"column":48},"end":{"line":33,"column":74}}],"line":33},"2":{"loc":{"start":{"line":53,"column":6},"end":{"line":58,"column":7}},"type":"if","locations":[{"start":{"line":53,"column":6},"end":{"line":58,"column":7}},{"start":{},"end":{}}],"line":53},"3":{"loc":{"start":{"line":63,"column":2},"end":{"line":65,"column":3}},"type":"if","locations":[{"start":{"line":63,"column":2},"end":{"line":65,"column":3}},{"start":{},"end":{}}],"line":63},"4":{"loc":{"start":{"line":77,"column":4},"end":{"line":79,"column":5}},"type":"if","locations":[{"start":{"line":77,"column":4},"end":{"line":79,"column":5}},{"start":{},"end":{}}],"line":77},"5":{"loc":{"start":{"line":86,"column":13},"end":{"line":90,"column":31}},"type":"cond-expr","locations":[{"start":{"line":87,"column":16},"end":{"line":87,"column":30}},{"start":{"line":88,"column":16},"end":{"line":90,"column":31}}],"line":86},"6":{"loc":{"start":{"line":88,"column":16},"end":{"line":90,"column":31}},"type":"cond-expr","locations":[{"start":{"line":89,"column":18},"end":{"line":89,"column":35}},{"start":{"line":90,"column":18},"end":{"line":90,"column":31}}],"line":88},"7":{"loc":{"start":{"line":99,"column":11},"end":{"line":112,"column":11}},"type":"cond-expr","locations":[{"start":{"line":100,"column":12},"end":{"line":100,"column":59}},{"start":{"line":102,"column":12},"end":{"line":111,"column":15}}],"line":99},"8":{"loc":{"start":{"line":104,"column":22},"end":{"line":104,"column":64}},"type":"cond-expr","locations":[{"start":{"line":104,"column":34},"end":{"line":104,"column":48}},{"start":{"line":104,"column":51},"end":{"line":104,"column":64}}],"line":104},"9":{"loc":{"start":{"line":109,"column":17},"end":{"line":109,"column":45}},"type":"cond-expr","locations":[{"start":{"line":109,"column":29},"end":{"line":109,"column":36}},{"start":{"line":109,"column":39},"end":{"line":109,"column":45}}],"line":109}},"s":{"0":1,"1":1,"2":0,"3":3,"4":3,"5":3,"6":3,"7":3,"8":1,"9":1,"10":1,"11":0,"12":0,"13":1,"14":3,"15":3,"16":0,"17":0,"18":0,"19":0,"20":0,"21":0,"22":0,"23":0,"24":0,"25":1},"f":{"0":0,"1":3,"2":1,"3":1,"4":1,"5":0,"6":0,"7":0,"8":0},"b":{"0":[0,0],"1":[0,0],"2":[1,0],"3":[3,0],"4":[0,0],"5":[0,0],"6":[0,0],"7":[0,0],"8":[0,0],"9":[0,0]},"_coverageSchema":"1a1c01bbd47fc00a2c39e90264f33305004495a9","hash":"29be58d97aec3bdb3396be0be8cecc0f0f9d1580"}
,"/Users/akurc/Documents/repositories/border-mobile-app/components/ContactView.js": {"path":"/Users/akurc/Documents/repositories/border-mobile-app/components/ContactView.js","statementMap":{"0":{"start":{"line":11,"column":20},"end":{"line":96,"column":1}},"1":{"start":{"line":12,"column":19},"end":{"line":16,"column":3}},"2":{"start":{"line":13,"column":4},"end":{"line":15,"column":6}},"3":{"start":{"line":14,"column":6},"end":{"line":14,"column":55}},"4":{"start":{"line":18,"column":2},"end":{"line":95,"column":4}},"5":{"start":{"line":25,"column":10},"end":{"line":25,"column":70}},"6":{"start":{"line":39,"column":23},"end":{"line":39,"column":73}},"7":{"start":{"line":53,"column":10},"end":{"line":55,"column":11}},"8":{"start":{"line":71,"column":23},"end":{"line":71,"column":69}},"9":{"start":{"line":84,"column":23},"end":{"line":84,"column":59}},"10":{"start":{"line":98,"column":15},"end":{"line":150,"column":2}}},"fnMap":{"0":{"name":"(anonymous_0)","decl":{"start":{"line":11,"column":20},"end":{"line":11,"column":21}},"loc":{"start":{"line":11,"column":26},"end":{"line":96,"column":1}},"line":11},"1":{"name":"(anonymous_1)","decl":{"start":{"line":12,"column":19},"end":{"line":12,"column":20}},"loc":{"start":{"line":12,"column":28},"end":{"line":16,"column":3}},"line":12},"2":{"name":"(anonymous_2)","decl":{"start":{"line":13,"column":31},"end":{"line":13,"column":32}},"loc":{"start":{"line":14,"column":6},"end":{"line":14,"column":55}},"line":14},"3":{"name":"(anonymous_3)","decl":{"start":{"line":24,"column":17},"end":{"line":24,"column":18}},"loc":{"start":{"line":25,"column":10},"end":{"line":25,"column":70}},"line":25},"4":{"name":"(anonymous_4)","decl":{"start":{"line":39,"column":17},"end":{"line":39,"column":18}},"loc":{"start":{"line":39,"column":23},"end":{"line":39,"column":73}},"line":39},"5":{"name":"(anonymous_5)","decl":{"start":{"line":52,"column":17},"end":{"line":52,"column":18}},"loc":{"start":{"line":53,"column":10},"end":{"line":55,"column":11}},"line":53},"6":{"name":"(anonymous_6)","decl":{"start":{"line":71,"column":17},"end":{"line":71,"column":18}},"loc":{"start":{"line":71,"column":23},"end":{"line":71,"column":69}},"line":71},"7":{"name":"(anonymous_7)","decl":{"start":{"line":84,"column":17},"end":{"line":84,"column":18}},"loc":{"start":{"line":84,"column":23},"end":{"line":84,"column":59}},"line":84}},"branchMap":{},"s":{"0":2,"1":3,"2":2,"3":0,"4":3,"5":1,"6":1,"7":0,"8":0,"9":0,"10":2},"f":{"0":3,"1":2,"2":0,"3":1,"4":1,"5":0,"6":0,"7":0},"b":{},"_coverageSchema":"1a1c01bbd47fc00a2c39e90264f33305004495a9","hash":"eea978958a356bf80e5b1a732899cf20826da20f"}
,"/Users/akurc/Documents/repositories/border-mobile-app/hooks/useRadio.js": {"path":"/Users/akurc/Documents/repositories/border-mobile-app/hooks/useRadio.js","statementMap":{"0":{"start":{"line":10,"column":19},"end":{"line":10,"column":72}},"1":{"start":{"line":12,"column":24},"end":{"line":119,"column":1}},"2":{"start":{"line":13,"column":34},"end":{"line":13,"column":49}},"3":{"start":{"line":14,"column":24},"end":{"line":14,"column":42}},"4":{"start":{"line":15,"column":38},"end":{"line":15,"column":53}},"5":{"start":{"line":17,"column":4},"end":{"line":27,"column":22}},"6":{"start":{"line":19,"column":8},"end":{"line":26,"column":9}},"7":{"start":{"line":23,"column":12},"end":{"line":23,"column":31}},"8":{"start":{"line":25,"column":12},"end":{"line":25,"column":32}},"9":{"start":{"line":29,"column":24},"end":{"line":60,"column":5}},"10":{"start":{"line":30,"column":8},"end":{"line":59,"column":9}},"11":{"start":{"line":31,"column":12},"end":{"line":31,"column":44}},"12":{"start":{"line":32,"column":12},"end":{"line":44,"column":15}},"13":{"start":{"line":45,"column":12},"end":{"line":52,"column":15}},"14":{"start":{"line":54,"column":12},"end":{"line":54,"column":29}},"15":{"start":{"line":56,"column":12},"end":{"line":56,"column":55}},"16":{"start":{"line":58,"column":12},"end":{"line":58,"column":29}},"17":{"start":{"line":62,"column":4},"end":{"line":64,"column":11}},"18":{"start":{"line":63,"column":8},"end":{"line":63,"column":22}},"19":{"start":{"line":66,"column":27},"end":{"line":85,"column":5}},"20":{"start":{"line":67,"column":29},"end":{"line":67,"column":68}},"21":{"start":{"line":68,"column":8},"end":{"line":77,"column":9}},"22":{"start":{"line":70,"column":12},"end":{"line":76,"column":15}},"23":{"start":{"line":79,"column":22},"end":{"line":79,"column":66}},"24":{"start":{"line":80,"column":8},"end":{"line":84,"column":9}},"25":{"start":{"line":81,"column":12},"end":{"line":81,"column":38}},"26":{"start":{"line":83,"column":12},"end":{"line":83,"column":37}},"27":{"start":{"line":88,"column":40},"end":{"line":88,"column":67}},"28":{"start":{"line":89,"column":42},"end":{"line":89,"column":61}},"29":{"start":{"line":91,"column":4},"end":{"line":109,"column":11}},"30":{"start":{"line":92,"column":18},"end":{"line":92,"column":22}},"31":{"start":{"line":96,"column":25},"end":{"line":104,"column":10}},"32":{"start":{"line":97,"column":12},"end":{"line":97,"column":53}},"33":{"start":{"line":98,"column":12},"end":{"line":100,"column":13}},"34":{"start":{"line":99,"column":16},"end":{"line":99,"column":43}},"35":{"start":{"line":101,"column":12},"end":{"line":103,"column":13}},"36":{"start":{"line":102,"column":16},"end":{"line":102,"column":45}},"37":{"start":{"line":106,"column":8},"end":{"line":108,"column":10}},"38":{"start":{"line":107,"column":12},"end":{"line":107,"column":30}},"39":{"start":{"line":111,"column":4},"end":{"line":118,"column":6}}},"fnMap":{"0":{"name":"(anonymous_0)","decl":{"start":{"line":12,"column":24},"end":{"line":12,"column":25}},"loc":{"start":{"line":12,"column":30},"end":{"line":119,"column":1}},"line":12},"1":{"name":"(anonymous_1)","decl":{"start":{"line":17,"column":14},"end":{"line":17,"column":15}},"loc":{"start":{"line":17,"column":20},"end":{"line":27,"column":5}},"line":17},"2":{"name":"(anonymous_2)","decl":{"start":{"line":29,"column":24},"end":{"line":29,"column":25}},"loc":{"start":{"line":29,"column":36},"end":{"line":60,"column":5}},"line":29},"3":{"name":"(anonymous_3)","decl":{"start":{"line":62,"column":14},"end":{"line":62,"column":15}},"loc":{"start":{"line":62,"column":20},"end":{"line":64,"column":5}},"line":62},"4":{"name":"(anonymous_4)","decl":{"start":{"line":66,"column":27},"end":{"line":66,"column":28}},"loc":{"start":{"line":66,"column":39},"end":{"line":85,"column":5}},"line":66},"5":{"name":"(anonymous_5)","decl":{"start":{"line":91,"column":14},"end":{"line":91,"column":15}},"loc":{"start":{"line":91,"column":20},"end":{"line":109,"column":5}},"line":91},"6":{"name":"(anonymous_6)","decl":{"start":{"line":96,"column":86},"end":{"line":96,"column":87}},"loc":{"start":{"line":96,"column":103},"end":{"line":104,"column":9}},"line":96},"7":{"name":"(anonymous_7)","decl":{"start":{"line":106,"column":15},"end":{"line":106,"column":16}},"loc":{"start":{"line":106,"column":21},"end":{"line":108,"column":9}},"line":106}},"branchMap":{"0":{"loc":{"start":{"line":19,"column":8},"end":{"line":26,"column":9}},"type":"if","locations":[{"start":{"line":19,"column":8},"end":{"line":26,"column":9}},{"start":{"line":24,"column":15},"end":{"line":26,"column":9}}],"line":19},"1":{"loc":{"start":{"line":20,"column":12},"end":{"line":21,"column":49}},"type":"binary-expr","locations":[{"start":{"line":20,"column":12},"end":{"line":20,"column":47}},{"start":{"line":21,"column":12},"end":{"line":21,"column":49}}],"line":20},"2":{"loc":{"start":{"line":68,"column":8},"end":{"line":77,"column":9}},"type":"if","locations":[{"start":{"line":68,"column":8},"end":{"line":77,"column":9}},{"start":{},"end":{}}],"line":68},"3":{"loc":{"start":{"line":80,"column":8},"end":{"line":84,"column":9}},"type":"if","locations":[{"start":{"line":80,"column":8},"end":{"line":84,"column":9}},{"start":{"line":82,"column":15},"end":{"line":84,"column":9}}],"line":80},"4":{"loc":{"start":{"line":98,"column":12},"end":{"line":100,"column":13}},"type":"if","locations":[{"start":{"line":98,"column":12},"end":{"line":100,"column":13}},{"start":{},"end":{}}],"line":98},"5":{"loc":{"start":{"line":101,"column":12},"end":{"line":103,"column":13}},"type":"if","locations":[{"start":{"line":101,"column":12},"end":{"line":103,"column":13}},{"start":{},"end":{}}],"line":101}},"s":{"0":2,"1":2,"2":14,"3":14,"4":14,"5":14,"6":6,"7":2,"8":4,"9":14,"10":5,"11":5,"12":5,"13":4,"14":4,"15":1,"16":1,"17":14,"18":5,"19":14,"20":1,"21":1,"22":0,"23":1,"24":1,"25":1,"26":0,"27":14,"28":14,"29":14,"30":5,"31":5,"32":1,"33":1,"34":1,"35":1,"36":1,"37":5,"38":4,"39":14},"f":{"0":14,"1":6,"2":5,"3":5,"4":1,"5":5,"6":1,"7":4},"b":{"0":[2,4],"1":[6,4],"2":[0,1],"3":[1,0],"4":[1,0],"5":[1,0]},"_coverageSchema":"1a1c01bbd47fc00a2c39e90264f33305004495a9","hash":"85626b7ee6fa7b0f25274af53754bb787514d317"}
}
