TN:
SF:App.js
FN:27,(anonymous_0)
FN:40,App
FN:51,(anonymous_2)
FN:52,prepare
FN:54,(anonymous_4)
FN:67,(anonymous_5)
FN:76,(anonymous_6)
FN:132,(anonymous_7)
FN:137,(anonymous_8)
FNF:9
FNH:4
FNDA:0,(anonymous_0)
FNDA:3,App
FNDA:1,(anonymous_2)
FNDA:1,prepare
FNDA:1,(anonymous_4)
FNDA:0,(anonymous_5)
FNDA:0,(anonymous_6)
FNDA:0,(anonymous_7)
FNDA:0,(anonymous_8)
DA:25,1
DA:27,1
DA:28,0
DA:41,3
DA:42,3
DA:43,3
DA:45,3
DA:51,3
DA:53,1
DA:54,1
DA:56,0
DA:57,0
DA:60,1
DA:63,3
DA:64,3
DA:67,0
DA:68,0
DA:76,0
DA:77,0
DA:78,0
DA:81,0
DA:118,0
DA:132,0
DA:137,0
DA:145,1
LF:25
LH:13
BRDA:29,0,0,0
BRDA:29,0,1,0
BRDA:33,1,0,0
BRDA:33,1,1,0
BRDA:53,2,0,1
BRDA:53,2,1,0
BRDA:63,3,0,3
BRDA:63,3,1,0
BRDA:77,4,0,0
BRDA:77,4,1,0
BRDA:86,5,0,0
BRDA:86,5,1,0
BRDA:88,6,0,0
BRDA:88,6,1,0
BRDA:99,7,0,0
BRDA:99,7,1,0
BRDA:104,8,0,0
BRDA:104,8,1,0
BRDA:109,9,0,0
BRDA:109,9,1,0
BRF:20
BRH:2
end_of_record
TN:
SF:components/ContactView.js
FN:11,(anonymous_0)
FN:12,(anonymous_1)
FN:13,(anonymous_2)
FN:24,(anonymous_3)
FN:39,(anonymous_4)
FN:52,(anonymous_5)
FN:71,(anonymous_6)
FN:84,(anonymous_7)
FNF:8
FNH:4
FNDA:3,(anonymous_0)
FNDA:2,(anonymous_1)
FNDA:0,(anonymous_2)
FNDA:1,(anonymous_3)
FNDA:1,(anonymous_4)
FNDA:0,(anonymous_5)
FNDA:0,(anonymous_6)
FNDA:0,(anonymous_7)
DA:11,2
DA:12,3
DA:13,2
DA:14,0
DA:18,3
DA:25,1
DA:39,1
DA:53,0
DA:71,0
DA:84,0
DA:98,2
LF:11
LH:7
BRF:0
BRH:0
end_of_record
TN:
SF:hooks/useRadio.js
FN:12,(anonymous_0)
FN:17,(anonymous_1)
FN:29,(anonymous_2)
FN:62,(anonymous_3)
FN:66,(anonymous_4)
FN:91,(anonymous_5)
FN:96,(anonymous_6)
FN:106,(anonymous_7)
FNF:8
FNH:8
FNDA:14,(anonymous_0)
FNDA:6,(anonymous_1)
FNDA:5,(anonymous_2)
FNDA:5,(anonymous_3)
FNDA:1,(anonymous_4)
FNDA:5,(anonymous_5)
FNDA:1,(anonymous_6)
FNDA:4,(anonymous_7)
DA:10,2
DA:12,2
DA:13,14
DA:14,14
DA:15,14
DA:17,14
DA:19,6
DA:23,2
DA:25,4
DA:29,14
DA:30,5
DA:31,5
DA:32,5
DA:45,4
DA:54,4
DA:56,1
DA:58,1
DA:62,14
DA:63,5
DA:66,14
DA:67,1
DA:68,1
DA:70,0
DA:79,1
DA:80,1
DA:81,1
DA:83,0
DA:88,14
DA:89,14
DA:91,14
DA:92,5
DA:96,5
DA:97,1
DA:98,1
DA:99,1
DA:101,1
DA:102,1
DA:106,5
DA:107,4
DA:111,14
LF:40
LH:38
BRDA:19,0,0,2
BRDA:19,0,1,4
BRDA:20,1,0,6
BRDA:20,1,1,4
BRDA:68,2,0,0
BRDA:68,2,1,1
BRDA:80,3,0,1
BRDA:80,3,1,0
BRDA:98,4,0,1
BRDA:98,4,1,0
BRDA:101,5,0,1
BRDA:101,5,1,0
BRF:12
BRH:8
end_of_record
